{"D:\\GitHub\\tabular-ontology-maker\\docs\\app\\tom-core-utils.js": {"path":"D:\\GitHub\\tabular-ontology-maker\\docs\\app\\tom-core-utils.js","all":false,"statementMap":{"0":{"start":{"line":1,"column":0},"end":{"line":1,"column":27}},"1":{"start":{"line":2,"column":0},"end":{"line":2,"column":53}},"2":{"start":{"line":3,"column":0},"end":{"line":3,"column":31}},"3":{"start":{"line":4,"column":0},"end":{"line":4,"column":11}},"4":{"start":{"line":5,"column":0},"end":{"line":5,"column":3}},"5":{"start":{"line":6,"column":0},"end":{"line":6,"column":0}},"6":{"start":{"line":7,"column":0},"end":{"line":7,"column":32}},"7":{"start":{"line":8,"column":0},"end":{"line":8,"column":71}},"8":{"start":{"line":9,"column":0},"end":{"line":9,"column":38}},"9":{"start":{"line":10,"column":0},"end":{"line":10,"column":57}},"10":{"start":{"line":11,"column":0},"end":{"line":11,"column":12}},"11":{"start":{"line":12,"column":0},"end":{"line":12,"column":30}},"12":{"start":{"line":13,"column":0},"end":{"line":13,"column":57}},"13":{"start":{"line":14,"column":0},"end":{"line":14,"column":50}},"14":{"start":{"line":15,"column":0},"end":{"line":15,"column":6}},"15":{"start":{"line":16,"column":0},"end":{"line":16,"column":3}},"16":{"start":{"line":17,"column":0},"end":{"line":17,"column":0}},"17":{"start":{"line":18,"column":0},"end":{"line":18,"column":29}},"18":{"start":{"line":19,"column":0},"end":{"line":19,"column":28}},"19":{"start":{"line":20,"column":0},"end":{"line":20,"column":20}},"20":{"start":{"line":21,"column":0},"end":{"line":21,"column":52}},"21":{"start":{"line":22,"column":0},"end":{"line":22,"column":33}},"22":{"start":{"line":23,"column":0},"end":{"line":23,"column":9}},"23":{"start":{"line":24,"column":0},"end":{"line":24,"column":3}},"24":{"start":{"line":25,"column":0},"end":{"line":25,"column":0}},"25":{"start":{"line":26,"column":0},"end":{"line":26,"column":30}},"26":{"start":{"line":27,"column":0},"end":{"line":27,"column":28}},"27":{"start":{"line":28,"column":0},"end":{"line":28,"column":20}},"28":{"start":{"line":29,"column":0},"end":{"line":29,"column":52}},"29":{"start":{"line":30,"column":0},"end":{"line":30,"column":33}},"30":{"start":{"line":31,"column":0},"end":{"line":31,"column":8}},"31":{"start":{"line":32,"column":0},"end":{"line":32,"column":37}},"32":{"start":{"line":33,"column":0},"end":{"line":33,"column":33}},"33":{"start":{"line":34,"column":0},"end":{"line":34,"column":9}},"34":{"start":{"line":35,"column":0},"end":{"line":35,"column":3}},"35":{"start":{"line":36,"column":0},"end":{"line":36,"column":0}},"36":{"start":{"line":37,"column":0},"end":{"line":37,"column":29}},"37":{"start":{"line":38,"column":0},"end":{"line":38,"column":28}},"38":{"start":{"line":39,"column":0},"end":{"line":39,"column":13}},"39":{"start":{"line":40,"column":0},"end":{"line":40,"column":45}},"40":{"start":{"line":41,"column":0},"end":{"line":41,"column":37}},"41":{"start":{"line":42,"column":0},"end":{"line":42,"column":30}},"42":{"start":{"line":43,"column":0},"end":{"line":43,"column":21}},"43":{"start":{"line":44,"column":0},"end":{"line":44,"column":3}},"44":{"start":{"line":45,"column":0},"end":{"line":45,"column":0}},"45":{"start":{"line":46,"column":0},"end":{"line":46,"column":41}},"46":{"start":{"line":47,"column":0},"end":{"line":47,"column":48}},"47":{"start":{"line":48,"column":0},"end":{"line":48,"column":46}},"48":{"start":{"line":49,"column":0},"end":{"line":49,"column":69}},"49":{"start":{"line":50,"column":0},"end":{"line":50,"column":53}},"50":{"start":{"line":51,"column":0},"end":{"line":51,"column":3}},"51":{"start":{"line":52,"column":0},"end":{"line":52,"column":0}},"52":{"start":{"line":53,"column":0},"end":{"line":53,"column":47}},"53":{"start":{"line":54,"column":0},"end":{"line":54,"column":60}},"54":{"start":{"line":55,"column":0},"end":{"line":55,"column":47}},"55":{"start":{"line":56,"column":0},"end":{"line":56,"column":58}},"56":{"start":{"line":57,"column":0},"end":{"line":57,"column":64}},"57":{"start":{"line":58,"column":0},"end":{"line":58,"column":0}},"58":{"start":{"line":59,"column":0},"end":{"line":59,"column":67}},"59":{"start":{"line":60,"column":0},"end":{"line":60,"column":61}},"60":{"start":{"line":61,"column":0},"end":{"line":61,"column":25}},"61":{"start":{"line":62,"column":0},"end":{"line":62,"column":3}},"62":{"start":{"line":63,"column":0},"end":{"line":63,"column":0}},"63":{"start":{"line":64,"column":0},"end":{"line":64,"column":33}},"64":{"start":{"line":65,"column":0},"end":{"line":65,"column":39}},"65":{"start":{"line":66,"column":0},"end":{"line":66,"column":101}},"66":{"start":{"line":67,"column":0},"end":{"line":67,"column":35}},"67":{"start":{"line":68,"column":0},"end":{"line":68,"column":5}},"68":{"start":{"line":69,"column":0},"end":{"line":69,"column":65}},"69":{"start":{"line":70,"column":0},"end":{"line":70,"column":72}},"70":{"start":{"line":71,"column":0},"end":{"line":71,"column":81}},"71":{"start":{"line":72,"column":0},"end":{"line":72,"column":24}},"72":{"start":{"line":73,"column":0},"end":{"line":73,"column":3}},"73":{"start":{"line":74,"column":0},"end":{"line":74,"column":0}},"74":{"start":{"line":75,"column":0},"end":{"line":75,"column":37}},"75":{"start":{"line":76,"column":0},"end":{"line":76,"column":12}},"76":{"start":{"line":77,"column":0},"end":{"line":77,"column":36}},"77":{"start":{"line":78,"column":0},"end":{"line":78,"column":27}},"78":{"start":{"line":79,"column":0},"end":{"line":79,"column":65}},"79":{"start":{"line":80,"column":0},"end":{"line":80,"column":6}},"80":{"start":{"line":81,"column":0},"end":{"line":81,"column":3}},"81":{"start":{"line":82,"column":0},"end":{"line":82,"column":0}},"82":{"start":{"line":83,"column":0},"end":{"line":83,"column":46}},"83":{"start":{"line":84,"column":0},"end":{"line":84,"column":31}},"84":{"start":{"line":85,"column":0},"end":{"line":85,"column":62}},"85":{"start":{"line":86,"column":0},"end":{"line":86,"column":51}},"86":{"start":{"line":87,"column":0},"end":{"line":87,"column":51}},"87":{"start":{"line":88,"column":0},"end":{"line":88,"column":52}},"88":{"start":{"line":89,"column":0},"end":{"line":89,"column":66}},"89":{"start":{"line":90,"column":0},"end":{"line":90,"column":44}},"90":{"start":{"line":91,"column":0},"end":{"line":91,"column":45}},"91":{"start":{"line":92,"column":0},"end":{"line":92,"column":54}},"92":{"start":{"line":93,"column":0},"end":{"line":93,"column":75}},"93":{"start":{"line":94,"column":0},"end":{"line":94,"column":72}},"94":{"start":{"line":95,"column":0},"end":{"line":95,"column":59}},"95":{"start":{"line":96,"column":0},"end":{"line":96,"column":48}},"96":{"start":{"line":97,"column":0},"end":{"line":97,"column":0}},"97":{"start":{"line":98,"column":0},"end":{"line":98,"column":12}},"98":{"start":{"line":99,"column":0},"end":{"line":99,"column":51}},"99":{"start":{"line":100,"column":0},"end":{"line":100,"column":144}},"100":{"start":{"line":101,"column":0},"end":{"line":101,"column":107}},"101":{"start":{"line":102,"column":0},"end":{"line":102,"column":58}},"102":{"start":{"line":103,"column":0},"end":{"line":103,"column":50}},"103":{"start":{"line":104,"column":0},"end":{"line":104,"column":58}},"104":{"start":{"line":105,"column":0},"end":{"line":105,"column":14}},"105":{"start":{"line":106,"column":0},"end":{"line":106,"column":20}},"106":{"start":{"line":107,"column":0},"end":{"line":107,"column":19}},"107":{"start":{"line":108,"column":0},"end":{"line":108,"column":18}},"108":{"start":{"line":109,"column":0},"end":{"line":109,"column":19}},"109":{"start":{"line":110,"column":0},"end":{"line":110,"column":16}},"110":{"start":{"line":111,"column":0},"end":{"line":111,"column":11}},"111":{"start":{"line":112,"column":0},"end":{"line":112,"column":6}},"112":{"start":{"line":113,"column":0},"end":{"line":113,"column":3}},"113":{"start":{"line":114,"column":0},"end":{"line":114,"column":0}},"114":{"start":{"line":115,"column":0},"end":{"line":115,"column":34}},"115":{"start":{"line":116,"column":0},"end":{"line":116,"column":52}},"116":{"start":{"line":117,"column":0},"end":{"line":117,"column":32}},"117":{"start":{"line":118,"column":0},"end":{"line":118,"column":45}},"118":{"start":{"line":119,"column":0},"end":{"line":119,"column":5}},"119":{"start":{"line":120,"column":0},"end":{"line":120,"column":16}},"120":{"start":{"line":121,"column":0},"end":{"line":121,"column":3}},"121":{"start":{"line":122,"column":0},"end":{"line":122,"column":0}},"122":{"start":{"line":123,"column":0},"end":{"line":123,"column":40}},"123":{"start":{"line":124,"column":0},"end":{"line":124,"column":85}},"124":{"start":{"line":125,"column":0},"end":{"line":125,"column":76}},"125":{"start":{"line":126,"column":0},"end":{"line":126,"column":28}},"126":{"start":{"line":127,"column":0},"end":{"line":127,"column":63}},"127":{"start":{"line":128,"column":0},"end":{"line":128,"column":34}},"128":{"start":{"line":129,"column":0},"end":{"line":129,"column":35}},"129":{"start":{"line":130,"column":0},"end":{"line":130,"column":25}},"130":{"start":{"line":131,"column":0},"end":{"line":131,"column":12}},"131":{"start":{"line":132,"column":0},"end":{"line":132,"column":0}},"132":{"start":{"line":133,"column":0},"end":{"line":133,"column":38}},"133":{"start":{"line":134,"column":0},"end":{"line":134,"column":43}},"134":{"start":{"line":135,"column":0},"end":{"line":135,"column":19}},"135":{"start":{"line":136,"column":0},"end":{"line":136,"column":44}},"136":{"start":{"line":137,"column":0},"end":{"line":137,"column":67}},"137":{"start":{"line":138,"column":0},"end":{"line":138,"column":78}},"138":{"start":{"line":139,"column":0},"end":{"line":139,"column":10}},"139":{"start":{"line":140,"column":0},"end":{"line":140,"column":8}},"140":{"start":{"line":141,"column":0},"end":{"line":141,"column":7}},"141":{"start":{"line":142,"column":0},"end":{"line":142,"column":19}},"142":{"start":{"line":143,"column":0},"end":{"line":143,"column":3}},"143":{"start":{"line":144,"column":0},"end":{"line":144,"column":0}},"144":{"start":{"line":145,"column":0},"end":{"line":145,"column":39}},"145":{"start":{"line":146,"column":0},"end":{"line":146,"column":38}},"146":{"start":{"line":147,"column":0},"end":{"line":147,"column":27}},"147":{"start":{"line":148,"column":0},"end":{"line":148,"column":49}},"148":{"start":{"line":149,"column":0},"end":{"line":149,"column":8}},"149":{"start":{"line":150,"column":0},"end":{"line":150,"column":20}},"150":{"start":{"line":151,"column":0},"end":{"line":151,"column":3}},"151":{"start":{"line":152,"column":0},"end":{"line":152,"column":0}},"152":{"start":{"line":153,"column":0},"end":{"line":153,"column":52}},"153":{"start":{"line":154,"column":0},"end":{"line":154,"column":27}},"154":{"start":{"line":155,"column":0},"end":{"line":155,"column":91}},"155":{"start":{"line":156,"column":0},"end":{"line":156,"column":90}},"156":{"start":{"line":157,"column":0},"end":{"line":157,"column":90}},"157":{"start":{"line":158,"column":0},"end":{"line":158,"column":39}},"158":{"start":{"line":159,"column":0},"end":{"line":159,"column":34}},"159":{"start":{"line":160,"column":0},"end":{"line":160,"column":0}},"160":{"start":{"line":161,"column":0},"end":{"line":161,"column":65}},"161":{"start":{"line":162,"column":0},"end":{"line":162,"column":65}},"162":{"start":{"line":163,"column":0},"end":{"line":163,"column":71}},"163":{"start":{"line":164,"column":0},"end":{"line":164,"column":62}},"164":{"start":{"line":165,"column":0},"end":{"line":165,"column":52}},"165":{"start":{"line":166,"column":0},"end":{"line":166,"column":0}},"166":{"start":{"line":167,"column":0},"end":{"line":167,"column":66}},"167":{"start":{"line":168,"column":0},"end":{"line":168,"column":38}},"168":{"start":{"line":169,"column":0},"end":{"line":169,"column":7}},"169":{"start":{"line":170,"column":0},"end":{"line":170,"column":40}},"170":{"start":{"line":171,"column":0},"end":{"line":171,"column":41}},"171":{"start":{"line":172,"column":0},"end":{"line":172,"column":7}},"172":{"start":{"line":173,"column":0},"end":{"line":173,"column":7}},"173":{"start":{"line":174,"column":0},"end":{"line":174,"column":0}},"174":{"start":{"line":175,"column":0},"end":{"line":175,"column":71}},"175":{"start":{"line":176,"column":0},"end":{"line":176,"column":12}},"176":{"start":{"line":177,"column":0},"end":{"line":177,"column":18}},"177":{"start":{"line":178,"column":0},"end":{"line":178,"column":82}},"178":{"start":{"line":179,"column":0},"end":{"line":179,"column":6}},"179":{"start":{"line":180,"column":0},"end":{"line":180,"column":3}},"180":{"start":{"line":181,"column":0},"end":{"line":181,"column":0}},"181":{"start":{"line":182,"column":0},"end":{"line":182,"column":10}},"182":{"start":{"line":183,"column":0},"end":{"line":183,"column":24}},"183":{"start":{"line":184,"column":0},"end":{"line":184,"column":16}},"184":{"start":{"line":185,"column":0},"end":{"line":185,"column":17}},"185":{"start":{"line":186,"column":0},"end":{"line":186,"column":16}},"186":{"start":{"line":187,"column":0},"end":{"line":187,"column":23}},"187":{"start":{"line":188,"column":0},"end":{"line":188,"column":28}},"188":{"start":{"line":189,"column":0},"end":{"line":189,"column":19}},"189":{"start":{"line":190,"column":0},"end":{"line":190,"column":20}},"190":{"start":{"line":191,"column":0},"end":{"line":191,"column":29}},"191":{"start":{"line":192,"column":0},"end":{"line":192,"column":19}},"192":{"start":{"line":193,"column":0},"end":{"line":193,"column":23}},"193":{"start":{"line":194,"column":0},"end":{"line":194,"column":22}},"194":{"start":{"line":195,"column":0},"end":{"line":195,"column":31}},"195":{"start":{"line":196,"column":0},"end":{"line":196,"column":4}},"196":{"start":{"line":197,"column":0},"end":{"line":197,"column":3}}},"s":{"0":1,"1":4,"2":4,"3":4,"4":4,"5":0,"6":0,"7":1,"8":4,"9":1,"10":1,"11":1,"12":1,"13":1,"14":1,"15":1,"16":4,"17":4,"18":1,"19":1,"20":1,"21":1,"22":1,"23":1,"24":4,"25":4,"26":2,"27":2,"28":2,"29":2,"30":2,"31":2,"32":2,"33":2,"34":2,"35":4,"36":4,"37":1,"38":1,"39":1,"40":1,"41":1,"42":1,"43":1,"44":4,"45":4,"46":5,"47":4,"48":5,"49":2,"50":2,"51":4,"52":4,"53":6,"54":6,"55":6,"56":6,"57":6,"58":6,"59":6,"60":1,"61":1,"62":4,"63":4,"64":5,"65":5,"66":1,"67":1,"68":5,"69":5,"70":5,"71":1,"72":1,"73":4,"74":4,"75":5,"76":5,"77":5,"78":4,"79":5,"80":5,"81":4,"82":4,"83":1,"84":1,"85":1,"86":1,"87":1,"88":1,"89":1,"90":1,"91":1,"92":1,"93":1,"94":1,"95":1,"96":1,"97":1,"98":1,"99":1,"100":1,"101":1,"102":1,"103":1,"104":1,"105":1,"106":1,"107":1,"108":1,"109":1,"110":1,"111":1,"112":1,"113":4,"114":4,"115":10,"116":10,"117":4,"118":4,"119":6,"120":6,"121":4,"122":4,"123":2,"124":2,"125":2,"126":2,"127":2,"128":0,"129":0,"130":2,"131":2,"132":2,"133":2,"134":2,"135":2,"136":6,"137":6,"138":2,"139":2,"140":2,"141":2,"142":2,"143":4,"144":4,"145":1,"146":1,"147":2,"148":1,"149":1,"150":1,"151":4,"152":4,"153":3,"154":3,"155":3,"156":3,"157":3,"158":3,"159":3,"160":3,"161":4,"162":4,"163":4,"164":4,"165":4,"166":4,"167":2,"168":2,"169":4,"170":1,"171":1,"172":3,"173":3,"174":3,"175":3,"176":3,"177":3,"178":3,"179":3,"180":4,"181":4,"182":4,"183":4,"184":4,"185":4,"186":4,"187":4,"188":4,"189":4,"190":4,"191":4,"192":4,"193":4,"194":4,"195":4,"196":1},"branchMap":{"0":{"type":"branch","line":8,"loc":{"start":{"line":8,"column":49},"end":{"line":8,"column":56}},"locations":[{"start":{"line":8,"column":49},"end":{"line":8,"column":56}}]},"1":{"type":"branch","line":1,"loc":{"start":{"line":1,"column":1},"end":{"line":8,"column":3}},"locations":[{"start":{"line":1,"column":1},"end":{"line":8,"column":3}}]},"2":{"type":"branch","line":5,"loc":{"start":{"line":5,"column":2},"end":{"line":8,"column":3}},"locations":[{"start":{"line":5,"column":2},"end":{"line":8,"column":3}}]},"3":{"type":"branch","line":8,"loc":{"start":{"line":8,"column":58},"end":{"line":197,"column":2}},"locations":[{"start":{"line":8,"column":58},"end":{"line":197,"column":2}}]},"4":{"type":"branch","line":9,"loc":{"start":{"line":9,"column":2},"end":{"line":16,"column":3}},"locations":[{"start":{"line":9,"column":2},"end":{"line":16,"column":3}}]},"5":{"type":"branch","line":10,"loc":{"start":{"line":10,"column":43},"end":{"line":10,"column":56}},"locations":[{"start":{"line":10,"column":43},"end":{"line":10,"column":56}}]},"6":{"type":"branch","line":18,"loc":{"start":{"line":18,"column":2},"end":{"line":24,"column":3}},"locations":[{"start":{"line":18,"column":2},"end":{"line":24,"column":3}}]},"7":{"type":"branch","line":19,"loc":{"start":{"line":19,"column":21},"end":{"line":19,"column":27}},"locations":[{"start":{"line":19,"column":21},"end":{"line":19,"column":27}}]},"8":{"type":"branch","line":21,"loc":{"start":{"line":21,"column":33},"end":{"line":23,"column":7}},"locations":[{"start":{"line":21,"column":33},"end":{"line":23,"column":7}}]},"9":{"type":"branch","line":26,"loc":{"start":{"line":26,"column":2},"end":{"line":35,"column":3}},"locations":[{"start":{"line":26,"column":2},"end":{"line":35,"column":3}}]},"10":{"type":"branch","line":27,"loc":{"start":{"line":27,"column":21},"end":{"line":27,"column":27}},"locations":[{"start":{"line":27,"column":21},"end":{"line":27,"column":27}}]},"11":{"type":"branch","line":29,"loc":{"start":{"line":29,"column":33},"end":{"line":31,"column":7}},"locations":[{"start":{"line":29,"column":33},"end":{"line":31,"column":7}}]},"12":{"type":"branch","line":32,"loc":{"start":{"line":32,"column":21},"end":{"line":34,"column":7}},"locations":[{"start":{"line":32,"column":21},"end":{"line":34,"column":7}}]},"13":{"type":"branch","line":37,"loc":{"start":{"line":37,"column":2},"end":{"line":44,"column":3}},"locations":[{"start":{"line":37,"column":2},"end":{"line":44,"column":3}}]},"14":{"type":"branch","line":38,"loc":{"start":{"line":38,"column":21},"end":{"line":38,"column":27}},"locations":[{"start":{"line":38,"column":21},"end":{"line":38,"column":27}}]},"15":{"type":"branch","line":46,"loc":{"start":{"line":46,"column":2},"end":{"line":51,"column":3}},"locations":[{"start":{"line":46,"column":2},"end":{"line":51,"column":3}}]},"16":{"type":"branch","line":47,"loc":{"start":{"line":47,"column":38},"end":{"line":47,"column":48}},"locations":[{"start":{"line":47,"column":38},"end":{"line":47,"column":48}}]},"17":{"type":"branch","line":47,"loc":{"start":{"line":47,"column":47},"end":{"line":49,"column":26}},"locations":[{"start":{"line":47,"column":47},"end":{"line":49,"column":26}}]},"18":{"type":"branch","line":49,"loc":{"start":{"line":49,"column":22},"end":{"line":49,"column":57}},"locations":[{"start":{"line":49,"column":22},"end":{"line":49,"column":57}}]},"19":{"type":"branch","line":49,"loc":{"start":{"line":49,"column":59},"end":{"line":51,"column":3}},"locations":[{"start":{"line":49,"column":59},"end":{"line":51,"column":3}}]},"20":{"type":"branch","line":53,"loc":{"start":{"line":53,"column":2},"end":{"line":62,"column":3}},"locations":[{"start":{"line":53,"column":2},"end":{"line":62,"column":3}}]},"21":{"type":"branch","line":54,"loc":{"start":{"line":54,"column":39},"end":{"line":54,"column":60}},"locations":[{"start":{"line":54,"column":39},"end":{"line":54,"column":60}}]},"22":{"type":"branch","line":59,"loc":{"start":{"line":59,"column":46},"end":{"line":59,"column":67}},"locations":[{"start":{"line":59,"column":46},"end":{"line":59,"column":67}}]},"23":{"type":"branch","line":59,"loc":{"start":{"line":59,"column":66},"end":{"line":60,"column":43}},"locations":[{"start":{"line":59,"column":66},"end":{"line":60,"column":43}}]},"24":{"type":"branch","line":60,"loc":{"start":{"line":60,"column":43},"end":{"line":60,"column":61}},"locations":[{"start":{"line":60,"column":43},"end":{"line":60,"column":61}}]},"25":{"type":"branch","line":60,"loc":{"start":{"line":60,"column":60},"end":{"line":62,"column":3}},"locations":[{"start":{"line":60,"column":60},"end":{"line":62,"column":3}}]},"26":{"type":"branch","line":64,"loc":{"start":{"line":64,"column":2},"end":{"line":73,"column":3}},"locations":[{"start":{"line":64,"column":2},"end":{"line":73,"column":3}}]},"27":{"type":"branch","line":65,"loc":{"start":{"line":65,"column":31},"end":{"line":65,"column":37}},"locations":[{"start":{"line":65,"column":31},"end":{"line":65,"column":37}}]},"28":{"type":"branch","line":66,"loc":{"start":{"line":66,"column":51},"end":{"line":66,"column":98}},"locations":[{"start":{"line":66,"column":51},"end":{"line":66,"column":98}}]},"29":{"type":"branch","line":66,"loc":{"start":{"line":66,"column":100},"end":{"line":68,"column":5}},"locations":[{"start":{"line":66,"column":100},"end":{"line":68,"column":5}}]},"30":{"type":"branch","line":68,"loc":{"start":{"line":68,"column":4},"end":{"line":69,"column":36}},"locations":[{"start":{"line":68,"column":4},"end":{"line":69,"column":36}}]},"31":{"type":"branch","line":69,"loc":{"start":{"line":69,"column":36},"end":{"line":69,"column":65}},"locations":[{"start":{"line":69,"column":36},"end":{"line":69,"column":65}}]},"32":{"type":"branch","line":69,"loc":{"start":{"line":69,"column":64},"end":{"line":70,"column":51}},"locations":[{"start":{"line":69,"column":64},"end":{"line":70,"column":51}}]},"33":{"type":"branch","line":70,"loc":{"start":{"line":70,"column":51},"end":{"line":70,"column":72}},"locations":[{"start":{"line":70,"column":51},"end":{"line":70,"column":72}}]},"34":{"type":"branch","line":70,"loc":{"start":{"line":70,"column":71},"end":{"line":71,"column":50}},"locations":[{"start":{"line":70,"column":71},"end":{"line":71,"column":50}}]},"35":{"type":"branch","line":71,"loc":{"start":{"line":71,"column":50},"end":{"line":73,"column":3}},"locations":[{"start":{"line":71,"column":50},"end":{"line":73,"column":3}}]},"36":{"type":"branch","line":75,"loc":{"start":{"line":75,"column":2},"end":{"line":81,"column":3}},"locations":[{"start":{"line":75,"column":2},"end":{"line":81,"column":3}}]},"37":{"type":"branch","line":78,"loc":{"start":{"line":78,"column":24},"end":{"line":79,"column":65}},"locations":[{"start":{"line":78,"column":24},"end":{"line":79,"column":65}}]},"38":{"type":"branch","line":83,"loc":{"start":{"line":83,"column":2},"end":{"line":113,"column":3}},"locations":[{"start":{"line":83,"column":2},"end":{"line":113,"column":3}}]},"39":{"type":"branch","line":84,"loc":{"start":{"line":84,"column":24},"end":{"line":84,"column":30}},"locations":[{"start":{"line":84,"column":24},"end":{"line":84,"column":30}}]},"40":{"type":"branch","line":85,"loc":{"start":{"line":85,"column":36},"end":{"line":85,"column":61}},"locations":[{"start":{"line":85,"column":36},"end":{"line":85,"column":61}}]},"41":{"type":"branch","line":86,"loc":{"start":{"line":86,"column":26},"end":{"line":86,"column":50}},"locations":[{"start":{"line":86,"column":26},"end":{"line":86,"column":50}}]},"42":{"type":"branch","line":87,"loc":{"start":{"line":87,"column":28},"end":{"line":87,"column":50}},"locations":[{"start":{"line":87,"column":28},"end":{"line":87,"column":50}}]},"43":{"type":"branch","line":88,"loc":{"start":{"line":88,"column":32},"end":{"line":88,"column":51}},"locations":[{"start":{"line":88,"column":32},"end":{"line":88,"column":51}}]},"44":{"type":"branch","line":89,"loc":{"start":{"line":89,"column":40},"end":{"line":89,"column":65}},"locations":[{"start":{"line":89,"column":40},"end":{"line":89,"column":65}}]},"45":{"type":"branch","line":90,"loc":{"start":{"line":90,"column":36},"end":{"line":90,"column":43}},"locations":[{"start":{"line":90,"column":36},"end":{"line":90,"column":43}}]},"46":{"type":"branch","line":91,"loc":{"start":{"line":91,"column":32},"end":{"line":91,"column":44}},"locations":[{"start":{"line":91,"column":32},"end":{"line":91,"column":44}}]},"47":{"type":"branch","line":92,"loc":{"start":{"line":92,"column":44},"end":{"line":92,"column":53}},"locations":[{"start":{"line":92,"column":44},"end":{"line":92,"column":53}}]},"48":{"type":"branch","line":93,"loc":{"start":{"line":93,"column":50},"end":{"line":93,"column":54}},"locations":[{"start":{"line":93,"column":50},"end":{"line":93,"column":54}}]},"49":{"type":"branch","line":94,"loc":{"start":{"line":94,"column":48},"end":{"line":94,"column":52}},"locations":[{"start":{"line":94,"column":48},"end":{"line":94,"column":52}}]},"50":{"type":"branch","line":95,"loc":{"start":{"line":95,"column":42},"end":{"line":95,"column":58}},"locations":[{"start":{"line":95,"column":42},"end":{"line":95,"column":58}}]},"51":{"type":"branch","line":115,"loc":{"start":{"line":115,"column":2},"end":{"line":121,"column":3}},"locations":[{"start":{"line":115,"column":2},"end":{"line":121,"column":3}}]},"52":{"type":"branch","line":116,"loc":{"start":{"line":116,"column":37},"end":{"line":116,"column":42}},"locations":[{"start":{"line":116,"column":37},"end":{"line":116,"column":42}}]},"53":{"type":"branch","line":117,"loc":{"start":{"line":117,"column":31},"end":{"line":119,"column":5}},"locations":[{"start":{"line":117,"column":31},"end":{"line":119,"column":5}}]},"54":{"type":"branch","line":119,"loc":{"start":{"line":119,"column":4},"end":{"line":121,"column":3}},"locations":[{"start":{"line":119,"column":4},"end":{"line":121,"column":3}}]},"55":{"type":"branch","line":123,"loc":{"start":{"line":123,"column":2},"end":{"line":143,"column":3}},"locations":[{"start":{"line":123,"column":2},"end":{"line":143,"column":3}}]},"56":{"type":"branch","line":124,"loc":{"start":{"line":124,"column":79},"end":{"line":124,"column":84}},"locations":[{"start":{"line":124,"column":79},"end":{"line":124,"column":84}}]},"57":{"type":"branch","line":125,"loc":{"start":{"line":125,"column":70},"end":{"line":125,"column":75}},"locations":[{"start":{"line":125,"column":70},"end":{"line":125,"column":75}}]},"58":{"type":"branch","line":129,"loc":{"start":{"line":129,"column":-2},"end":{"line":131,"column":11}},"locations":[{"start":{"line":129,"column":-2},"end":{"line":131,"column":11}}]},"59":{"type":"branch","line":134,"loc":{"start":{"line":134,"column":17},"end":{"line":141,"column":5}},"locations":[{"start":{"line":134,"column":17},"end":{"line":141,"column":5}}]},"60":{"type":"branch","line":136,"loc":{"start":{"line":136,"column":20},"end":{"line":139,"column":9}},"locations":[{"start":{"line":136,"column":20},"end":{"line":139,"column":9}}]},"61":{"type":"branch","line":137,"loc":{"start":{"line":137,"column":61},"end":{"line":137,"column":66}},"locations":[{"start":{"line":137,"column":61},"end":{"line":137,"column":66}}]},"62":{"type":"branch","line":138,"loc":{"start":{"line":138,"column":70},"end":{"line":138,"column":76}},"locations":[{"start":{"line":138,"column":70},"end":{"line":138,"column":76}}]},"63":{"type":"branch","line":145,"loc":{"start":{"line":145,"column":2},"end":{"line":151,"column":3}},"locations":[{"start":{"line":145,"column":2},"end":{"line":151,"column":3}}]},"64":{"type":"branch","line":147,"loc":{"start":{"line":147,"column":11},"end":{"line":149,"column":7}},"locations":[{"start":{"line":147,"column":11},"end":{"line":149,"column":7}}]},"65":{"type":"branch","line":153,"loc":{"start":{"line":153,"column":2},"end":{"line":180,"column":3}},"locations":[{"start":{"line":153,"column":2},"end":{"line":180,"column":3}}]},"66":{"type":"branch","line":161,"loc":{"start":{"line":161,"column":33},"end":{"line":161,"column":38}},"locations":[{"start":{"line":161,"column":33},"end":{"line":161,"column":38}}]},"67":{"type":"branch","line":175,"loc":{"start":{"line":175,"column":62},"end":{"line":175,"column":70}},"locations":[{"start":{"line":175,"column":62},"end":{"line":175,"column":70}}]},"68":{"type":"branch","line":178,"loc":{"start":{"line":178,"column":28},"end":{"line":178,"column":74}},"locations":[{"start":{"line":178,"column":28},"end":{"line":178,"column":74}}]},"69":{"type":"branch","line":178,"loc":{"start":{"line":178,"column":59},"end":{"line":178,"column":74}},"locations":[{"start":{"line":178,"column":59},"end":{"line":178,"column":74}}]},"70":{"type":"branch","line":178,"loc":{"start":{"line":178,"column":74},"end":{"line":178,"column":82}},"locations":[{"start":{"line":178,"column":74},"end":{"line":178,"column":82}}]},"71":{"type":"branch","line":161,"loc":{"start":{"line":161,"column":48},"end":{"line":173,"column":5}},"locations":[{"start":{"line":161,"column":48},"end":{"line":173,"column":5}}]},"72":{"type":"branch","line":165,"loc":{"start":{"line":165,"column":45},"end":{"line":165,"column":52}},"locations":[{"start":{"line":165,"column":45},"end":{"line":165,"column":52}}]},"73":{"type":"branch","line":167,"loc":{"start":{"line":167,"column":34},"end":{"line":167,"column":63}},"locations":[{"start":{"line":167,"column":34},"end":{"line":167,"column":63}}]},"74":{"type":"branch","line":167,"loc":{"start":{"line":167,"column":65},"end":{"line":169,"column":7}},"locations":[{"start":{"line":167,"column":65},"end":{"line":169,"column":7}}]},"75":{"type":"branch","line":170,"loc":{"start":{"line":170,"column":39},"end":{"line":172,"column":7}},"locations":[{"start":{"line":170,"column":39},"end":{"line":172,"column":7}}]}},"b":{"0":[0],"1":[4],"2":[0],"3":[4],"4":[1],"5":[0],"6":[1],"7":[0],"8":[1],"9":[2],"10":[0],"11":[2],"12":[2],"13":[1],"14":[0],"15":[5],"16":[1],"17":[4],"18":[3],"19":[2],"20":[6],"21":[0],"22":[2],"23":[4],"24":[3],"25":[1],"26":[5],"27":[0],"28":[4],"29":[1],"30":[4],"31":[1],"32":[3],"33":[1],"34":[2],"35":[1],"36":[5],"37":[4],"38":[1],"39":[0],"40":[0],"41":[0],"42":[0],"43":[0],"44":[0],"45":[0],"46":[0],"47":[0],"48":[0],"49":[0],"50":[0],"51":[10],"52":[0],"53":[4],"54":[6],"55":[2],"56":[0],"57":[0],"58":[0],"59":[2],"60":[6],"61":[0],"62":[0],"63":[1],"64":[2],"65":[3],"66":[0],"67":[1],"68":[2],"69":[1],"70":[1],"71":[4],"72":[0],"73":[3],"74":[2],"75":[1]},"fnMap":{"0":{"name":"getCurrentDateParts","decl":{"start":{"line":9,"column":2},"end":{"line":16,"column":3}},"loc":{"start":{"line":9,"column":2},"end":{"line":16,"column":3}},"line":9},"1":{"name":"toCamelCase","decl":{"start":{"line":18,"column":2},"end":{"line":24,"column":3}},"loc":{"start":{"line":18,"column":2},"end":{"line":24,"column":3}},"line":18},"2":{"name":"toPascalCase","decl":{"start":{"line":26,"column":2},"end":{"line":35,"column":3}},"loc":{"start":{"line":26,"column":2},"end":{"line":35,"column":3}},"line":26},"3":{"name":"toSnakeCase","decl":{"start":{"line":37,"column":2},"end":{"line":44,"column":3}},"loc":{"start":{"line":37,"column":2},"end":{"line":44,"column":3}},"line":37},"4":{"name":"parseFileExtension","decl":{"start":{"line":46,"column":2},"end":{"line":51,"column":3}},"loc":{"start":{"line":46,"column":2},"end":{"line":51,"column":3}},"line":46},"5":{"name":"detectFormatByExtension","decl":{"start":{"line":53,"column":2},"end":{"line":62,"column":3}},"loc":{"start":{"line":53,"column":2},"end":{"line":62,"column":3}},"line":53},"6":{"name":"guessMediaType","decl":{"start":{"line":64,"column":2},"end":{"line":73,"column":3}},"loc":{"start":{"line":64,"column":2},"end":{"line":73,"column":3}},"line":64},"7":{"name":"isValidOntology","decl":{"start":{"line":75,"column":2},"end":{"line":81,"column":3}},"loc":{"start":{"line":75,"column":2},"end":{"line":81,"column":3}},"line":75},"8":{"name":"generateOntologySettings","decl":{"start":{"line":83,"column":2},"end":{"line":113,"column":3}},"loc":{"start":{"line":83,"column":2},"end":{"line":113,"column":3}},"line":83},"9":{"name":"escapeCsvField","decl":{"start":{"line":115,"column":2},"end":{"line":121,"column":3}},"loc":{"start":{"line":115,"column":2},"end":{"line":121,"column":3}},"line":115},"10":{"name":"buildCsvExportRows","decl":{"start":{"line":123,"column":2},"end":{"line":143,"column":3}},"loc":{"start":{"line":123,"column":2},"end":{"line":143,"column":3}},"line":123},"11":{"name":"resolveCellValue","decl":{"start":{"line":129,"column":10},"end":{"line":131,"column":11}},"loc":{"start":{"line":129,"column":10},"end":{"line":131,"column":11}},"line":129},"12":{"name":"generateCsvString","decl":{"start":{"line":145,"column":2},"end":{"line":151,"column":3}},"loc":{"start":{"line":145,"column":2},"end":{"line":151,"column":3}},"line":145},"13":{"name":"deriveOntologyImportTarget","decl":{"start":{"line":153,"column":2},"end":{"line":180,"column":3}},"loc":{"start":{"line":153,"column":2},"end":{"line":180,"column":3}},"line":153}},"f":{"0":1,"1":1,"2":2,"3":1,"4":5,"5":6,"6":5,"7":5,"8":1,"9":10,"10":2,"11":0,"12":1,"13":3}}
,"D:\\GitHub\\tabular-ontology-maker\\docs\\app\\tom-feature-utils.js": {"path":"D:\\GitHub\\tabular-ontology-maker\\docs\\app\\tom-feature-utils.js","all":false,"statementMap":{"0":{"start":{"line":1,"column":0},"end":{"line":1,"column":27}},"1":{"start":{"line":2,"column":0},"end":{"line":2,"column":53}},"2":{"start":{"line":3,"column":0},"end":{"line":3,"column":31}},"3":{"start":{"line":4,"column":0},"end":{"line":4,"column":11}},"4":{"start":{"line":5,"column":0},"end":{"line":5,"column":3}},"5":{"start":{"line":6,"column":0},"end":{"line":6,"column":0}},"6":{"start":{"line":7,"column":0},"end":{"line":7,"column":35}},"7":{"start":{"line":8,"column":0},"end":{"line":8,"column":71}},"8":{"start":{"line":9,"column":0},"end":{"line":9,"column":59}},"9":{"start":{"line":10,"column":0},"end":{"line":10,"column":52}},"10":{"start":{"line":11,"column":0},"end":{"line":11,"column":0}},"11":{"start":{"line":12,"column":0},"end":{"line":12,"column":48}},"12":{"start":{"line":13,"column":0},"end":{"line":13,"column":87}},"13":{"start":{"line":14,"column":0},"end":{"line":14,"column":52}},"14":{"start":{"line":15,"column":0},"end":{"line":15,"column":95}},"15":{"start":{"line":16,"column":0},"end":{"line":16,"column":99}},"16":{"start":{"line":17,"column":0},"end":{"line":17,"column":21}},"17":{"start":{"line":18,"column":0},"end":{"line":18,"column":3}},"18":{"start":{"line":19,"column":0},"end":{"line":19,"column":0}},"19":{"start":{"line":20,"column":0},"end":{"line":20,"column":71}},"20":{"start":{"line":21,"column":0},"end":{"line":21,"column":37}},"21":{"start":{"line":22,"column":0},"end":{"line":22,"column":45}},"22":{"start":{"line":23,"column":0},"end":{"line":23,"column":56}},"23":{"start":{"line":24,"column":0},"end":{"line":24,"column":42}},"24":{"start":{"line":25,"column":0},"end":{"line":25,"column":5}},"25":{"start":{"line":26,"column":0},"end":{"line":26,"column":47}},"26":{"start":{"line":27,"column":0},"end":{"line":27,"column":3}},"27":{"start":{"line":28,"column":0},"end":{"line":28,"column":0}},"28":{"start":{"line":29,"column":0},"end":{"line":29,"column":64}},"29":{"start":{"line":30,"column":0},"end":{"line":30,"column":31}},"30":{"start":{"line":31,"column":0},"end":{"line":31,"column":36}},"31":{"start":{"line":32,"column":0},"end":{"line":32,"column":35}},"32":{"start":{"line":33,"column":0},"end":{"line":33,"column":84}},"33":{"start":{"line":34,"column":0},"end":{"line":34,"column":63}},"34":{"start":{"line":35,"column":0},"end":{"line":35,"column":0}},"35":{"start":{"line":36,"column":0},"end":{"line":36,"column":26}},"36":{"start":{"line":37,"column":0},"end":{"line":37,"column":0}},"37":{"start":{"line":38,"column":0},"end":{"line":38,"column":12}},"38":{"start":{"line":39,"column":0},"end":{"line":39,"column":10}},"39":{"start":{"line":40,"column":0},"end":{"line":40,"column":32}},"40":{"start":{"line":41,"column":0},"end":{"line":41,"column":78}},"41":{"start":{"line":42,"column":0},"end":{"line":42,"column":11}},"42":{"start":{"line":43,"column":0},"end":{"line":43,"column":8}},"43":{"start":{"line":44,"column":0},"end":{"line":44,"column":78}},"44":{"start":{"line":45,"column":0},"end":{"line":45,"column":72}},"45":{"start":{"line":46,"column":0},"end":{"line":46,"column":6}},"46":{"start":{"line":47,"column":0},"end":{"line":47,"column":3}},"47":{"start":{"line":48,"column":0},"end":{"line":48,"column":0}},"48":{"start":{"line":49,"column":0},"end":{"line":49,"column":61}},"49":{"start":{"line":50,"column":0},"end":{"line":50,"column":65}},"50":{"start":{"line":51,"column":0},"end":{"line":51,"column":60}},"51":{"start":{"line":52,"column":0},"end":{"line":52,"column":54}},"52":{"start":{"line":53,"column":0},"end":{"line":53,"column":49}},"53":{"start":{"line":54,"column":0},"end":{"line":54,"column":27}},"54":{"start":{"line":55,"column":0},"end":{"line":55,"column":18}},"55":{"start":{"line":56,"column":0},"end":{"line":56,"column":84}},"56":{"start":{"line":57,"column":0},"end":{"line":57,"column":22}},"57":{"start":{"line":58,"column":0},"end":{"line":58,"column":12}},"58":{"start":{"line":59,"column":0},"end":{"line":59,"column":10}},"59":{"start":{"line":60,"column":0},"end":{"line":60,"column":7}},"60":{"start":{"line":61,"column":0},"end":{"line":61,"column":51}},"61":{"start":{"line":62,"column":0},"end":{"line":62,"column":7}},"62":{"start":{"line":63,"column":0},"end":{"line":63,"column":3}},"63":{"start":{"line":64,"column":0},"end":{"line":64,"column":0}},"64":{"start":{"line":65,"column":0},"end":{"line":65,"column":58}},"65":{"start":{"line":66,"column":0},"end":{"line":66,"column":63}},"66":{"start":{"line":67,"column":0},"end":{"line":67,"column":0}},"67":{"start":{"line":68,"column":0},"end":{"line":68,"column":35}},"68":{"start":{"line":69,"column":0},"end":{"line":69,"column":81}},"69":{"start":{"line":70,"column":0},"end":{"line":70,"column":59}},"70":{"start":{"line":71,"column":0},"end":{"line":71,"column":26}},"71":{"start":{"line":72,"column":0},"end":{"line":72,"column":51}},"72":{"start":{"line":73,"column":0},"end":{"line":73,"column":33}},"73":{"start":{"line":74,"column":0},"end":{"line":74,"column":23}},"74":{"start":{"line":75,"column":0},"end":{"line":75,"column":24}},"75":{"start":{"line":76,"column":0},"end":{"line":76,"column":12}},"76":{"start":{"line":77,"column":0},"end":{"line":77,"column":90}},"77":{"start":{"line":78,"column":0},"end":{"line":78,"column":84}},"78":{"start":{"line":79,"column":0},"end":{"line":79,"column":27}},"79":{"start":{"line":80,"column":0},"end":{"line":80,"column":0}},"80":{"start":{"line":81,"column":0},"end":{"line":81,"column":86}},"81":{"start":{"line":82,"column":0},"end":{"line":82,"column":29}},"82":{"start":{"line":83,"column":0},"end":{"line":83,"column":53}},"83":{"start":{"line":84,"column":0},"end":{"line":84,"column":48}},"84":{"start":{"line":85,"column":0},"end":{"line":85,"column":11}},"85":{"start":{"line":86,"column":0},"end":{"line":86,"column":57}},"86":{"start":{"line":87,"column":0},"end":{"line":87,"column":29}},"87":{"start":{"line":88,"column":0},"end":{"line":88,"column":16}},"88":{"start":{"line":89,"column":0},"end":{"line":89,"column":26}},"89":{"start":{"line":90,"column":0},"end":{"line":90,"column":67}},"90":{"start":{"line":91,"column":0},"end":{"line":91,"column":10}},"91":{"start":{"line":92,"column":0},"end":{"line":92,"column":8}},"92":{"start":{"line":93,"column":0},"end":{"line":93,"column":23}},"93":{"start":{"line":94,"column":0},"end":{"line":94,"column":0}},"94":{"start":{"line":95,"column":0},"end":{"line":95,"column":61}},"95":{"start":{"line":96,"column":0},"end":{"line":96,"column":12}},"96":{"start":{"line":97,"column":0},"end":{"line":97,"column":45}},"97":{"start":{"line":98,"column":0},"end":{"line":98,"column":64}},"98":{"start":{"line":99,"column":0},"end":{"line":99,"column":90}},"99":{"start":{"line":100,"column":0},"end":{"line":100,"column":17}},"100":{"start":{"line":101,"column":0},"end":{"line":101,"column":70}},"101":{"start":{"line":102,"column":0},"end":{"line":102,"column":6}},"102":{"start":{"line":103,"column":0},"end":{"line":103,"column":3}},"103":{"start":{"line":104,"column":0},"end":{"line":104,"column":0}},"104":{"start":{"line":105,"column":0},"end":{"line":105,"column":40}},"105":{"start":{"line":106,"column":0},"end":{"line":106,"column":91}},"106":{"start":{"line":107,"column":0},"end":{"line":107,"column":65}},"107":{"start":{"line":108,"column":0},"end":{"line":108,"column":68}},"108":{"start":{"line":109,"column":0},"end":{"line":109,"column":3}},"109":{"start":{"line":110,"column":0},"end":{"line":110,"column":0}},"110":{"start":{"line":111,"column":0},"end":{"line":111,"column":40}},"111":{"start":{"line":112,"column":0},"end":{"line":112,"column":57}},"112":{"start":{"line":113,"column":0},"end":{"line":113,"column":36}},"113":{"start":{"line":114,"column":0},"end":{"line":114,"column":53}},"114":{"start":{"line":115,"column":0},"end":{"line":115,"column":34}},"115":{"start":{"line":116,"column":0},"end":{"line":116,"column":92}},"116":{"start":{"line":117,"column":0},"end":{"line":117,"column":13}},"117":{"start":{"line":118,"column":0},"end":{"line":118,"column":3}},"118":{"start":{"line":119,"column":0},"end":{"line":119,"column":0}},"119":{"start":{"line":120,"column":0},"end":{"line":120,"column":46}},"120":{"start":{"line":121,"column":0},"end":{"line":121,"column":33}},"121":{"start":{"line":122,"column":0},"end":{"line":122,"column":55}},"122":{"start":{"line":123,"column":0},"end":{"line":123,"column":51}},"123":{"start":{"line":124,"column":0},"end":{"line":124,"column":46}},"124":{"start":{"line":125,"column":0},"end":{"line":125,"column":38}},"125":{"start":{"line":126,"column":0},"end":{"line":126,"column":34}},"126":{"start":{"line":127,"column":0},"end":{"line":127,"column":20}},"127":{"start":{"line":128,"column":0},"end":{"line":128,"column":3}},"128":{"start":{"line":129,"column":0},"end":{"line":129,"column":0}},"129":{"start":{"line":130,"column":0},"end":{"line":130,"column":59}},"130":{"start":{"line":131,"column":0},"end":{"line":131,"column":29}},"131":{"start":{"line":132,"column":0},"end":{"line":132,"column":72}},"132":{"start":{"line":133,"column":0},"end":{"line":133,"column":79}},"133":{"start":{"line":134,"column":0},"end":{"line":134,"column":75}},"134":{"start":{"line":135,"column":0},"end":{"line":135,"column":18}},"135":{"start":{"line":136,"column":0},"end":{"line":136,"column":3}},"136":{"start":{"line":137,"column":0},"end":{"line":137,"column":0}},"137":{"start":{"line":138,"column":0},"end":{"line":138,"column":10}},"138":{"start":{"line":139,"column":0},"end":{"line":139,"column":32}},"139":{"start":{"line":140,"column":0},"end":{"line":140,"column":26}},"140":{"start":{"line":141,"column":0},"end":{"line":141,"column":31}},"141":{"start":{"line":142,"column":0},"end":{"line":142,"column":30}},"142":{"start":{"line":143,"column":0},"end":{"line":143,"column":24}},"143":{"start":{"line":144,"column":0},"end":{"line":144,"column":27}},"144":{"start":{"line":145,"column":0},"end":{"line":145,"column":29}},"145":{"start":{"line":146,"column":0},"end":{"line":146,"column":31}},"146":{"start":{"line":147,"column":0},"end":{"line":147,"column":23}},"147":{"start":{"line":148,"column":0},"end":{"line":148,"column":4}},"148":{"start":{"line":149,"column":0},"end":{"line":149,"column":3}}},"s":{"0":1,"1":1,"2":1,"3":1,"4":1,"5":0,"6":0,"7":1,"8":1,"9":6,"10":6,"11":6,"12":6,"13":6,"14":6,"15":6,"16":2,"17":2,"18":1,"19":1,"20":6,"21":6,"22":6,"23":0,"24":0,"25":1,"26":1,"27":1,"28":1,"29":4,"30":4,"31":4,"32":4,"33":4,"34":4,"35":4,"36":4,"37":4,"38":4,"39":4,"40":4,"41":4,"42":4,"43":4,"44":4,"45":4,"46":4,"47":1,"48":1,"49":2,"50":3,"51":3,"52":3,"53":2,"54":2,"55":2,"56":2,"57":2,"58":2,"59":2,"60":3,"61":2,"62":2,"63":1,"64":1,"65":1,"66":1,"67":1,"68":1,"69":1,"70":1,"71":1,"72":1,"73":0,"74":0,"75":1,"76":1,"77":1,"78":1,"79":1,"80":1,"81":1,"82":3,"83":3,"84":3,"85":3,"86":2,"87":2,"88":2,"89":2,"90":2,"91":1,"92":1,"93":1,"94":1,"95":1,"96":1,"97":1,"98":1,"99":1,"100":1,"101":1,"102":1,"103":1,"104":1,"105":9,"106":9,"107":9,"108":9,"109":1,"110":1,"111":2,"112":2,"113":2,"114":5,"115":5,"116":2,"117":2,"118":1,"119":1,"120":3,"121":3,"122":3,"123":3,"124":3,"125":1,"126":0,"127":0,"128":1,"129":1,"130":2,"131":2,"132":2,"133":2,"134":2,"135":2,"136":1,"137":1,"138":1,"139":1,"140":1,"141":1,"142":1,"143":1,"144":1,"145":1,"146":1,"147":1,"148":1},"branchMap":{"0":{"type":"branch","line":8,"loc":{"start":{"line":8,"column":49},"end":{"line":8,"column":56}},"locations":[{"start":{"line":8,"column":49},"end":{"line":8,"column":56}}]},"1":{"type":"branch","line":1,"loc":{"start":{"line":1,"column":1},"end":{"line":8,"column":3}},"locations":[{"start":{"line":1,"column":1},"end":{"line":8,"column":3}}]},"2":{"type":"branch","line":5,"loc":{"start":{"line":5,"column":2},"end":{"line":8,"column":3}},"locations":[{"start":{"line":5,"column":2},"end":{"line":8,"column":3}}]},"3":{"type":"branch","line":8,"loc":{"start":{"line":8,"column":58},"end":{"line":149,"column":2}},"locations":[{"start":{"line":8,"column":58},"end":{"line":149,"column":2}}]},"4":{"type":"branch","line":9,"loc":{"start":{"line":9,"column":2},"end":{"line":18,"column":3}},"locations":[{"start":{"line":9,"column":2},"end":{"line":18,"column":3}}]},"5":{"type":"branch","line":10,"loc":{"start":{"line":10,"column":37},"end":{"line":10,"column":43}},"locations":[{"start":{"line":10,"column":37},"end":{"line":10,"column":43}}]},"6":{"type":"branch","line":12,"loc":{"start":{"line":12,"column":35},"end":{"line":12,"column":48}},"locations":[{"start":{"line":12,"column":35},"end":{"line":12,"column":48}}]},"7":{"type":"branch","line":12,"loc":{"start":{"line":12,"column":47},"end":{"line":13,"column":39}},"locations":[{"start":{"line":12,"column":47},"end":{"line":13,"column":39}}]},"8":{"type":"branch","line":13,"loc":{"start":{"line":13,"column":35},"end":{"line":13,"column":68}},"locations":[{"start":{"line":13,"column":35},"end":{"line":13,"column":68}}]},"9":{"type":"branch","line":13,"loc":{"start":{"line":13,"column":70},"end":{"line":13,"column":87}},"locations":[{"start":{"line":13,"column":70},"end":{"line":13,"column":87}}]},"10":{"type":"branch","line":13,"loc":{"start":{"line":13,"column":86},"end":{"line":14,"column":39}},"locations":[{"start":{"line":13,"column":86},"end":{"line":14,"column":39}}]},"11":{"type":"branch","line":14,"loc":{"start":{"line":14,"column":39},"end":{"line":14,"column":52}},"locations":[{"start":{"line":14,"column":39},"end":{"line":14,"column":52}}]},"12":{"type":"branch","line":14,"loc":{"start":{"line":14,"column":51},"end":{"line":15,"column":76}},"locations":[{"start":{"line":14,"column":51},"end":{"line":15,"column":76}}]},"13":{"type":"branch","line":15,"loc":{"start":{"line":15,"column":78},"end":{"line":15,"column":95}},"locations":[{"start":{"line":15,"column":78},"end":{"line":15,"column":95}}]},"14":{"type":"branch","line":15,"loc":{"start":{"line":15,"column":94},"end":{"line":16,"column":42}},"locations":[{"start":{"line":15,"column":94},"end":{"line":16,"column":42}}]},"15":{"type":"branch","line":16,"loc":{"start":{"line":16,"column":38},"end":{"line":16,"column":44}},"locations":[{"start":{"line":16,"column":38},"end":{"line":16,"column":44}}]},"16":{"type":"branch","line":16,"loc":{"start":{"line":16,"column":46},"end":{"line":16,"column":84}},"locations":[{"start":{"line":16,"column":46},"end":{"line":16,"column":84}}]},"17":{"type":"branch","line":16,"loc":{"start":{"line":16,"column":76},"end":{"line":16,"column":82}},"locations":[{"start":{"line":16,"column":76},"end":{"line":16,"column":82}}]},"18":{"type":"branch","line":16,"loc":{"start":{"line":16,"column":86},"end":{"line":16,"column":99}},"locations":[{"start":{"line":16,"column":86},"end":{"line":16,"column":99}}]},"19":{"type":"branch","line":16,"loc":{"start":{"line":16,"column":98},"end":{"line":18,"column":3}},"locations":[{"start":{"line":16,"column":98},"end":{"line":18,"column":3}}]},"20":{"type":"branch","line":20,"loc":{"start":{"line":20,"column":2},"end":{"line":27,"column":3}},"locations":[{"start":{"line":20,"column":2},"end":{"line":27,"column":3}}]},"21":{"type":"branch","line":21,"loc":{"start":{"line":21,"column":24},"end":{"line":22,"column":28}},"locations":[{"start":{"line":21,"column":24},"end":{"line":22,"column":28}}]},"22":{"type":"branch","line":22,"loc":{"start":{"line":22,"column":28},"end":{"line":22,"column":45}},"locations":[{"start":{"line":22,"column":28},"end":{"line":22,"column":45}}]},"23":{"type":"branch","line":22,"loc":{"start":{"line":22,"column":44},"end":{"line":23,"column":55}},"locations":[{"start":{"line":22,"column":44},"end":{"line":23,"column":55}}]},"24":{"type":"branch","line":23,"loc":{"start":{"line":23,"column":55},"end":{"line":25,"column":5}},"locations":[{"start":{"line":23,"column":55},"end":{"line":25,"column":5}}]},"25":{"type":"branch","line":25,"loc":{"start":{"line":25,"column":4},"end":{"line":27,"column":3}},"locations":[{"start":{"line":25,"column":4},"end":{"line":27,"column":3}}]},"26":{"type":"branch","line":29,"loc":{"start":{"line":29,"column":2},"end":{"line":47,"column":3}},"locations":[{"start":{"line":29,"column":2},"end":{"line":47,"column":3}}]},"27":{"type":"branch","line":30,"loc":{"start":{"line":30,"column":24},"end":{"line":30,"column":30}},"locations":[{"start":{"line":30,"column":24},"end":{"line":30,"column":30}}]},"28":{"type":"branch","line":31,"loc":{"start":{"line":31,"column":29},"end":{"line":31,"column":35}},"locations":[{"start":{"line":31,"column":29},"end":{"line":31,"column":35}}]},"29":{"type":"branch","line":32,"loc":{"start":{"line":32,"column":28},"end":{"line":32,"column":34}},"locations":[{"start":{"line":32,"column":28},"end":{"line":32,"column":34}}]},"30":{"type":"branch","line":33,"loc":{"start":{"line":33,"column":57},"end":{"line":33,"column":83}},"locations":[{"start":{"line":33,"column":57},"end":{"line":33,"column":83}}]},"31":{"type":"branch","line":34,"loc":{"start":{"line":34,"column":32},"end":{"line":34,"column":48}},"locations":[{"start":{"line":34,"column":32},"end":{"line":34,"column":48}}]},"32":{"type":"branch","line":34,"loc":{"start":{"line":34,"column":48},"end":{"line":34,"column":54}},"locations":[{"start":{"line":34,"column":48},"end":{"line":34,"column":54}}]},"33":{"type":"branch","line":36,"loc":{"start":{"line":36,"column":14},"end":{"line":36,"column":26}},"locations":[{"start":{"line":36,"column":14},"end":{"line":36,"column":26}}]},"34":{"type":"branch","line":41,"loc":{"start":{"line":41,"column":24},"end":{"line":41,"column":47}},"locations":[{"start":{"line":41,"column":24},"end":{"line":41,"column":47}}]},"35":{"type":"branch","line":41,"loc":{"start":{"line":41,"column":47},"end":{"line":41,"column":77}},"locations":[{"start":{"line":41,"column":47},"end":{"line":41,"column":77}}]},"36":{"type":"branch","line":44,"loc":{"start":{"line":44,"column":69},"end":{"line":44,"column":77}},"locations":[{"start":{"line":44,"column":69},"end":{"line":44,"column":77}}]},"37":{"type":"branch","line":45,"loc":{"start":{"line":45,"column":63},"end":{"line":45,"column":72}},"locations":[{"start":{"line":45,"column":63},"end":{"line":45,"column":72}}]},"38":{"type":"branch","line":49,"loc":{"start":{"line":49,"column":2},"end":{"line":63,"column":3}},"locations":[{"start":{"line":49,"column":2},"end":{"line":63,"column":3}}]},"39":{"type":"branch","line":50,"loc":{"start":{"line":50,"column":38},"end":{"line":50,"column":43}},"locations":[{"start":{"line":50,"column":38},"end":{"line":50,"column":43}}]},"40":{"type":"branch","line":50,"loc":{"start":{"line":50,"column":49},"end":{"line":62,"column":5}},"locations":[{"start":{"line":50,"column":49},"end":{"line":62,"column":5}}]},"41":{"type":"branch","line":51,"loc":{"start":{"line":51,"column":54},"end":{"line":51,"column":59}},"locations":[{"start":{"line":51,"column":54},"end":{"line":51,"column":59}}]},"42":{"type":"branch","line":52,"loc":{"start":{"line":52,"column":39},"end":{"line":52,"column":54}},"locations":[{"start":{"line":52,"column":39},"end":{"line":52,"column":54}}]},"43":{"type":"branch","line":53,"loc":{"start":{"line":53,"column":48},"end":{"line":60,"column":7}},"locations":[{"start":{"line":53,"column":48},"end":{"line":60,"column":7}}]},"44":{"type":"branch","line":56,"loc":{"start":{"line":56,"column":71},"end":{"line":58,"column":11}},"locations":[{"start":{"line":56,"column":71},"end":{"line":58,"column":11}}]},"45":{"type":"branch","line":65,"loc":{"start":{"line":65,"column":2},"end":{"line":103,"column":3}},"locations":[{"start":{"line":65,"column":2},"end":{"line":103,"column":3}}]},"46":{"type":"branch","line":66,"loc":{"start":{"line":66,"column":51},"end":{"line":66,"column":63}},"locations":[{"start":{"line":66,"column":51},"end":{"line":66,"column":63}}]},"47":{"type":"branch","line":68,"loc":{"start":{"line":68,"column":28},"end":{"line":68,"column":34}},"locations":[{"start":{"line":68,"column":28},"end":{"line":68,"column":34}}]},"48":{"type":"branch","line":69,"loc":{"start":{"line":69,"column":76},"end":{"line":69,"column":80}},"locations":[{"start":{"line":69,"column":76},"end":{"line":69,"column":80}}]},"49":{"type":"branch","line":70,"loc":{"start":{"line":70,"column":44},"end":{"line":70,"column":58}},"locations":[{"start":{"line":70,"column":44},"end":{"line":70,"column":58}}]},"50":{"type":"branch","line":74,"loc":{"start":{"line":74,"column":-1},"end":{"line":76,"column":11}},"locations":[{"start":{"line":74,"column":-1},"end":{"line":76,"column":11}}]},"51":{"type":"branch","line":77,"loc":{"start":{"line":77,"column":61},"end":{"line":77,"column":89}},"locations":[{"start":{"line":77,"column":61},"end":{"line":77,"column":89}}]},"52":{"type":"branch","line":78,"loc":{"start":{"line":78,"column":57},"end":{"line":78,"column":83}},"locations":[{"start":{"line":78,"column":57},"end":{"line":78,"column":83}}]},"53":{"type":"branch","line":81,"loc":{"start":{"line":81,"column":80},"end":{"line":81,"column":85}},"locations":[{"start":{"line":81,"column":80},"end":{"line":81,"column":85}}]},"54":{"type":"branch","line":97,"loc":{"start":{"line":97,"column":39},"end":{"line":97,"column":44}},"locations":[{"start":{"line":97,"column":39},"end":{"line":97,"column":44}}]},"55":{"type":"branch","line":98,"loc":{"start":{"line":98,"column":35},"end":{"line":98,"column":63}},"locations":[{"start":{"line":98,"column":35},"end":{"line":98,"column":63}}]},"56":{"type":"branch","line":99,"loc":{"start":{"line":99,"column":53},"end":{"line":99,"column":75}},"locations":[{"start":{"line":99,"column":53},"end":{"line":99,"column":75}}]},"57":{"type":"branch","line":82,"loc":{"start":{"line":82,"column":11},"end":{"line":92,"column":7}},"locations":[{"start":{"line":82,"column":11},"end":{"line":92,"column":7}}]},"58":{"type":"branch","line":86,"loc":{"start":{"line":86,"column":45},"end":{"line":86,"column":57}},"locations":[{"start":{"line":86,"column":45},"end":{"line":86,"column":57}}]},"59":{"type":"branch","line":86,"loc":{"start":{"line":86,"column":56},"end":{"line":92,"column":7}},"locations":[{"start":{"line":86,"column":56},"end":{"line":92,"column":7}}]},"60":{"type":"branch","line":105,"loc":{"start":{"line":105,"column":2},"end":{"line":109,"column":3}},"locations":[{"start":{"line":105,"column":2},"end":{"line":109,"column":3}}]},"61":{"type":"branch","line":106,"loc":{"start":{"line":106,"column":65},"end":{"line":106,"column":84}},"locations":[{"start":{"line":106,"column":65},"end":{"line":106,"column":84}}]},"62":{"type":"branch","line":106,"loc":{"start":{"line":106,"column":84},"end":{"line":106,"column":89}},"locations":[{"start":{"line":106,"column":84},"end":{"line":106,"column":89}}]},"63":{"type":"branch","line":107,"loc":{"start":{"line":107,"column":42},"end":{"line":107,"column":65}},"locations":[{"start":{"line":107,"column":42},"end":{"line":107,"column":65}}]},"64":{"type":"branch","line":107,"loc":{"start":{"line":107,"column":64},"end":{"line":108,"column":50}},"locations":[{"start":{"line":107,"column":64},"end":{"line":108,"column":50}}]},"65":{"type":"branch","line":108,"loc":{"start":{"line":108,"column":50},"end":{"line":108,"column":62}},"locations":[{"start":{"line":108,"column":50},"end":{"line":108,"column":62}}]},"66":{"type":"branch","line":108,"loc":{"start":{"line":108,"column":62},"end":{"line":108,"column":67}},"locations":[{"start":{"line":108,"column":62},"end":{"line":108,"column":67}}]},"67":{"type":"branch","line":111,"loc":{"start":{"line":111,"column":2},"end":{"line":118,"column":3}},"locations":[{"start":{"line":111,"column":2},"end":{"line":118,"column":3}}]},"68":{"type":"branch","line":112,"loc":{"start":{"line":112,"column":51},"end":{"line":112,"column":56}},"locations":[{"start":{"line":112,"column":51},"end":{"line":112,"column":56}}]},"69":{"type":"branch","line":113,"loc":{"start":{"line":113,"column":24},"end":{"line":113,"column":36}},"locations":[{"start":{"line":113,"column":24},"end":{"line":113,"column":36}}]},"70":{"type":"branch","line":114,"loc":{"start":{"line":114,"column":25},"end":{"line":117,"column":5}},"locations":[{"start":{"line":114,"column":25},"end":{"line":117,"column":5}}]},"71":{"type":"branch","line":115,"loc":{"start":{"line":115,"column":19},"end":{"line":115,"column":34}},"locations":[{"start":{"line":115,"column":19},"end":{"line":115,"column":34}}]},"72":{"type":"branch","line":115,"loc":{"start":{"line":115,"column":33},"end":{"line":116,"column":75}},"locations":[{"start":{"line":115,"column":33},"end":{"line":116,"column":75}}]},"73":{"type":"branch","line":116,"loc":{"start":{"line":116,"column":72},"end":{"line":116,"column":82}},"locations":[{"start":{"line":116,"column":72},"end":{"line":116,"column":82}}]},"74":{"type":"branch","line":116,"loc":{"start":{"line":116,"column":82},"end":{"line":116,"column":91}},"locations":[{"start":{"line":116,"column":82},"end":{"line":116,"column":91}}]},"75":{"type":"branch","line":120,"loc":{"start":{"line":120,"column":2},"end":{"line":128,"column":3}},"locations":[{"start":{"line":120,"column":2},"end":{"line":128,"column":3}}]},"76":{"type":"branch","line":121,"loc":{"start":{"line":121,"column":17},"end":{"line":121,"column":33}},"locations":[{"start":{"line":121,"column":17},"end":{"line":121,"column":33}}]},"77":{"type":"branch","line":124,"loc":{"start":{"line":124,"column":18},"end":{"line":124,"column":30}},"locations":[{"start":{"line":124,"column":18},"end":{"line":124,"column":30}}]},"78":{"type":"branch","line":124,"loc":{"start":{"line":124,"column":32},"end":{"line":124,"column":46}},"locations":[{"start":{"line":124,"column":32},"end":{"line":124,"column":46}}]},"79":{"type":"branch","line":124,"loc":{"start":{"line":124,"column":45},"end":{"line":125,"column":20}},"locations":[{"start":{"line":124,"column":45},"end":{"line":125,"column":20}}]},"80":{"type":"branch","line":125,"loc":{"start":{"line":125,"column":20},"end":{"line":126,"column":34}},"locations":[{"start":{"line":125,"column":20},"end":{"line":126,"column":34}}]},"81":{"type":"branch","line":126,"loc":{"start":{"line":126,"column":33},"end":{"line":128,"column":3}},"locations":[{"start":{"line":126,"column":33},"end":{"line":128,"column":3}}]},"82":{"type":"branch","line":130,"loc":{"start":{"line":130,"column":2},"end":{"line":136,"column":3}},"locations":[{"start":{"line":130,"column":2},"end":{"line":136,"column":3}}]},"83":{"type":"branch","line":131,"loc":{"start":{"line":131,"column":17},"end":{"line":131,"column":29}},"locations":[{"start":{"line":131,"column":17},"end":{"line":131,"column":29}}]},"84":{"type":"branch","line":132,"loc":{"start":{"line":132,"column":39},"end":{"line":132,"column":49}},"locations":[{"start":{"line":132,"column":39},"end":{"line":132,"column":49}}]}},"b":{"0":[0],"1":[1],"2":[0],"3":[1],"4":[6],"5":[3],"6":[1],"7":[5],"8":[4],"9":[2],"10":[3],"11":[0],"12":[3],"13":[0],"14":[3],"15":[0],"16":[2],"17":[0],"18":[1],"19":[2],"20":[6],"21":[3],"22":[2],"23":[1],"24":[0],"25":[1],"26":[4],"27":[0],"28":[3],"29":[0],"30":[0],"31":[0],"32":[0],"33":[0],"34":[2],"35":[1],"36":[3],"37":[3],"38":[2],"39":[0],"40":[3],"41":[0],"42":[0],"43":[2],"44":[2],"45":[1],"46":[0],"47":[0],"48":[0],"49":[0],"50":[0],"51":[0],"52":[0],"53":[0],"54":[0],"55":[0],"56":[0],"57":[3],"58":[1],"59":[2],"60":[9],"61":[5],"62":[4],"63":[4],"64":[5],"65":[5],"66":[0],"67":[2],"68":[0],"69":[0],"70":[5],"71":[2],"72":[3],"73":[2],"74":[1],"75":[3],"76":[0],"77":[2],"78":[1],"79":[2],"80":[1],"81":[0],"82":[2],"83":[0],"84":[0]},"fnMap":{"0":{"name":"defaultPredicateObjectMode","decl":{"start":{"line":9,"column":2},"end":{"line":18,"column":3}},"loc":{"start":{"line":9,"column":2},"end":{"line":18,"column":3}},"line":9},"1":{"name":"normalizePredicateMode","decl":{"start":{"line":20,"column":2},"end":{"line":27,"column":3}},"loc":{"start":{"line":20,"column":2},"end":{"line":27,"column":3}},"line":20},"2":{"name":"normalizePredicateRecord","decl":{"start":{"line":29,"column":2},"end":{"line":47,"column":3}},"loc":{"start":{"line":29,"column":2},"end":{"line":47,"column":3}},"line":29},"3":{"name":"cloneRowsForWorkspace","decl":{"start":{"line":49,"column":2},"end":{"line":63,"column":3}},"loc":{"start":{"line":49,"column":2},"end":{"line":63,"column":3}},"line":49},"4":{"name":"normalizeWorkspaceSnapshot","decl":{"start":{"line":65,"column":2},"end":{"line":103,"column":3}},"loc":{"start":{"line":65,"column":2},"end":{"line":103,"column":3}},"line":65},"5":{"name":"isValidViewKey","decl":{"start":{"line":74,"column":10},"end":{"line":76,"column":11}},"loc":{"start":{"line":74,"column":10},"end":{"line":76,"column":11}},"line":74},"6":{"name":"getRecordOrderValue","decl":{"start":{"line":105,"column":2},"end":{"line":109,"column":3}},"loc":{"start":{"line":105,"column":2},"end":{"line":109,"column":3}},"line":105},"7":{"name":"selectLatestRecord","decl":{"start":{"line":111,"column":2},"end":{"line":118,"column":3}},"loc":{"start":{"line":111,"column":2},"end":{"line":118,"column":3}},"line":111},"8":{"name":"getPredicateViewPlacement","decl":{"start":{"line":120,"column":2},"end":{"line":128,"column":3}},"loc":{"start":{"line":120,"column":2},"end":{"line":128,"column":3}},"line":120},"9":{"name":"applyPredicateViewPlacement","decl":{"start":{"line":130,"column":2},"end":{"line":136,"column":3}},"loc":{"start":{"line":130,"column":2},"end":{"line":136,"column":3}},"line":130}},"f":{"0":6,"1":6,"2":4,"3":2,"4":1,"5":0,"6":9,"7":2,"8":3,"9":2}}
}
