TN:
SF:docs\app\tom-core-utils.js
FN:9,getCurrentDateParts
FN:18,toCamelCase
FN:26,toPascalCase
FN:37,toSnakeCase
FN:46,parseFileExtension
FN:53,detectFormatByExtension
FN:64,guessMediaType
FN:75,isValidOntology
FN:83,generateOntologySettings
FN:115,escapeCsvField
FN:123,buildCsvExportRows
FN:129,resolveCellValue
FN:145,generateCsvString
FN:153,deriveOntologyImportTarget
FNF:14
FNH:13
FNDA:1,getCurrentDateParts
FNDA:1,toCamelCase
FNDA:2,toPascalCase
FNDA:1,toSnakeCase
FNDA:5,parseFileExtension
FNDA:6,detectFormatByExtension
FNDA:5,guessMediaType
FNDA:5,isValidOntology
FNDA:1,generateOntologySettings
FNDA:10,escapeCsvField
FNDA:2,buildCsvExportRows
FNDA:0,resolveCellValue
FNDA:1,generateCsvString
FNDA:3,deriveOntologyImportTarget
DA:1,1
DA:2,4
DA:3,4
DA:4,4
DA:5,4
DA:6,0
DA:7,0
DA:8,1
DA:9,4
DA:10,1
DA:11,1
DA:12,1
DA:13,1
DA:14,1
DA:15,1
DA:16,1
DA:17,4
DA:18,4
DA:19,1
DA:20,1
DA:21,1
DA:22,1
DA:23,1
DA:24,1
DA:25,4
DA:26,4
DA:27,2
DA:28,2
DA:29,2
DA:30,2
DA:31,2
DA:32,2
DA:33,2
DA:34,2
DA:35,2
DA:36,4
DA:37,4
DA:38,1
DA:39,1
DA:40,1
DA:41,1
DA:42,1
DA:43,1
DA:44,1
DA:45,4
DA:46,4
DA:47,5
DA:48,4
DA:49,5
DA:50,2
DA:51,2
DA:52,4
DA:53,4
DA:54,6
DA:55,6
DA:56,6
DA:57,6
DA:58,6
DA:59,6
DA:60,6
DA:61,1
DA:62,1
DA:63,4
DA:64,4
DA:65,5
DA:66,5
DA:67,1
DA:68,1
DA:69,5
DA:70,5
DA:71,5
DA:72,1
DA:73,1
DA:74,4
DA:75,4
DA:76,5
DA:77,5
DA:78,5
DA:79,4
DA:80,5
DA:81,5
DA:82,4
DA:83,4
DA:84,1
DA:85,1
DA:86,1
DA:87,1
DA:88,1
DA:89,1
DA:90,1
DA:91,1
DA:92,1
DA:93,1
DA:94,1
DA:95,1
DA:96,1
DA:97,1
DA:98,1
DA:99,1
DA:100,1
DA:101,1
DA:102,1
DA:103,1
DA:104,1
DA:105,1
DA:106,1
DA:107,1
DA:108,1
DA:109,1
DA:110,1
DA:111,1
DA:112,1
DA:113,1
DA:114,4
DA:115,4
DA:116,10
DA:117,10
DA:118,4
DA:119,4
DA:120,6
DA:121,6
DA:122,4
DA:123,4
DA:124,2
DA:125,2
DA:126,2
DA:127,2
DA:128,2
DA:129,0
DA:130,0
DA:131,2
DA:132,2
DA:133,2
DA:134,2
DA:135,2
DA:136,2
DA:137,6
DA:138,6
DA:139,2
DA:140,2
DA:141,2
DA:142,2
DA:143,2
DA:144,4
DA:145,4
DA:146,1
DA:147,1
DA:148,2
DA:149,1
DA:150,1
DA:151,1
DA:152,4
DA:153,4
DA:154,3
DA:155,3
DA:156,3
DA:157,3
DA:158,3
DA:159,3
DA:160,3
DA:161,3
DA:162,4
DA:163,4
DA:164,4
DA:165,4
DA:166,4
DA:167,4
DA:168,2
DA:169,2
DA:170,4
DA:171,1
DA:172,1
DA:173,3
DA:174,3
DA:175,3
DA:176,3
DA:177,3
DA:178,3
DA:179,3
DA:180,3
DA:181,4
DA:182,4
DA:183,4
DA:184,4
DA:185,4
DA:186,4
DA:187,4
DA:188,4
DA:189,4
DA:190,4
DA:191,4
DA:192,4
DA:193,4
DA:194,4
DA:195,4
DA:196,4
DA:197,1
LF:197
LH:193
BRDA:8,0,0,0
BRDA:1,1,0,4
BRDA:5,2,0,0
BRDA:8,3,0,4
BRDA:9,4,0,1
BRDA:10,5,0,0
BRDA:18,6,0,1
BRDA:19,7,0,0
BRDA:21,8,0,1
BRDA:26,9,0,2
BRDA:27,10,0,0
BRDA:29,11,0,2
BRDA:32,12,0,2
BRDA:37,13,0,1
BRDA:38,14,0,0
BRDA:46,15,0,5
BRDA:47,16,0,1
BRDA:47,17,0,4
BRDA:49,18,0,3
BRDA:49,19,0,2
BRDA:53,20,0,6
BRDA:54,21,0,0
BRDA:59,22,0,2
BRDA:59,23,0,4
BRDA:60,24,0,3
BRDA:60,25,0,1
BRDA:64,26,0,5
BRDA:65,27,0,0
BRDA:66,28,0,4
BRDA:66,29,0,1
BRDA:68,30,0,4
BRDA:69,31,0,1
BRDA:69,32,0,3
BRDA:70,33,0,1
BRDA:70,34,0,2
BRDA:71,35,0,1
BRDA:75,36,0,5
BRDA:78,37,0,4
BRDA:83,38,0,1
BRDA:84,39,0,0
BRDA:85,40,0,0
BRDA:86,41,0,0
BRDA:87,42,0,0
BRDA:88,43,0,0
BRDA:89,44,0,0
BRDA:90,45,0,0
BRDA:91,46,0,0
BRDA:92,47,0,0
BRDA:93,48,0,0
BRDA:94,49,0,0
BRDA:95,50,0,0
BRDA:115,51,0,10
BRDA:116,52,0,0
BRDA:117,53,0,4
BRDA:119,54,0,6
BRDA:123,55,0,2
BRDA:124,56,0,0
BRDA:125,57,0,0
BRDA:129,58,0,0
BRDA:134,59,0,2
BRDA:136,60,0,6
BRDA:137,61,0,0
BRDA:138,62,0,0
BRDA:145,63,0,1
BRDA:147,64,0,2
BRDA:153,65,0,3
BRDA:161,66,0,0
BRDA:175,67,0,1
BRDA:178,68,0,2
BRDA:178,69,0,1
BRDA:178,70,0,1
BRDA:161,71,0,4
BRDA:165,72,0,0
BRDA:167,73,0,3
BRDA:167,74,0,2
BRDA:170,75,0,1
BRF:76
BRH:48
end_of_record
TN:
SF:docs\app\tom-feature-utils.js
FN:9,defaultPredicateObjectMode
FN:20,normalizePredicateMode
FN:29,normalizePredicateRecord
FN:49,cloneRowsForWorkspace
FN:65,normalizeWorkspaceSnapshot
FN:74,isValidViewKey
FN:105,getRecordOrderValue
FN:111,selectLatestRecord
FN:120,getPredicateViewPlacement
FN:130,applyPredicateViewPlacement
FNF:10
FNH:9
FNDA:6,defaultPredicateObjectMode
FNDA:6,normalizePredicateMode
FNDA:4,normalizePredicateRecord
FNDA:2,cloneRowsForWorkspace
FNDA:1,normalizeWorkspaceSnapshot
FNDA:0,isValidViewKey
FNDA:9,getRecordOrderValue
FNDA:2,selectLatestRecord
FNDA:3,getPredicateViewPlacement
FNDA:2,applyPredicateViewPlacement
DA:1,1
DA:2,1
DA:3,1
DA:4,1
DA:5,1
DA:6,0
DA:7,0
DA:8,1
DA:9,1
DA:10,6
DA:11,6
DA:12,6
DA:13,6
DA:14,6
DA:15,6
DA:16,6
DA:17,2
DA:18,2
DA:19,1
DA:20,1
DA:21,6
DA:22,6
DA:23,6
DA:24,0
DA:25,0
DA:26,1
DA:27,1
DA:28,1
DA:29,1
DA:30,4
DA:31,4
DA:32,4
DA:33,4
DA:34,4
DA:35,4
DA:36,4
DA:37,4
DA:38,4
DA:39,4
DA:40,4
DA:41,4
DA:42,4
DA:43,4
DA:44,4
DA:45,4
DA:46,4
DA:47,4
DA:48,1
DA:49,1
DA:50,2
DA:51,3
DA:52,3
DA:53,3
DA:54,2
DA:55,2
DA:56,2
DA:57,2
DA:58,2
DA:59,2
DA:60,2
DA:61,3
DA:62,2
DA:63,2
DA:64,1
DA:65,1
DA:66,1
DA:67,1
DA:68,1
DA:69,1
DA:70,1
DA:71,1
DA:72,1
DA:73,1
DA:74,0
DA:75,0
DA:76,1
DA:77,1
DA:78,1
DA:79,1
DA:80,1
DA:81,1
DA:82,1
DA:83,3
DA:84,3
DA:85,3
DA:86,3
DA:87,2
DA:88,2
DA:89,2
DA:90,2
DA:91,2
DA:92,1
DA:93,1
DA:94,1
DA:95,1
DA:96,1
DA:97,1
DA:98,1
DA:99,1
DA:100,1
DA:101,1
DA:102,1
DA:103,1
DA:104,1
DA:105,1
DA:106,9
DA:107,9
DA:108,9
DA:109,9
DA:110,1
DA:111,1
DA:112,2
DA:113,2
DA:114,2
DA:115,5
DA:116,5
DA:117,2
DA:118,2
DA:119,1
DA:120,1
DA:121,3
DA:122,3
DA:123,3
DA:124,3
DA:125,3
DA:126,1
DA:127,0
DA:128,0
DA:129,1
DA:130,1
DA:131,2
DA:132,2
DA:133,2
DA:134,2
DA:135,2
DA:136,2
DA:137,1
DA:138,1
DA:139,1
DA:140,1
DA:141,1
DA:142,1
DA:143,1
DA:144,1
DA:145,1
DA:146,1
DA:147,1
DA:148,1
DA:149,1
LF:149
LH:141
BRDA:8,0,0,0
BRDA:1,1,0,1
BRDA:5,2,0,0
BRDA:8,3,0,1
BRDA:9,4,0,6
BRDA:10,5,0,3
BRDA:12,6,0,1
BRDA:12,7,0,5
BRDA:13,8,0,4
BRDA:13,9,0,2
BRDA:13,10,0,3
BRDA:14,11,0,0
BRDA:14,12,0,3
BRDA:15,13,0,0
BRDA:15,14,0,3
BRDA:16,15,0,0
BRDA:16,16,0,2
BRDA:16,17,0,0
BRDA:16,18,0,1
BRDA:16,19,0,2
BRDA:20,20,0,6
BRDA:21,21,0,3
BRDA:22,22,0,2
BRDA:22,23,0,1
BRDA:23,24,0,0
BRDA:25,25,0,1
BRDA:29,26,0,4
BRDA:30,27,0,0
BRDA:31,28,0,3
BRDA:32,29,0,0
BRDA:33,30,0,0
BRDA:34,31,0,0
BRDA:34,32,0,0
BRDA:36,33,0,0
BRDA:41,34,0,2
BRDA:41,35,0,1
BRDA:44,36,0,3
BRDA:45,37,0,3
BRDA:49,38,0,2
BRDA:50,39,0,0
BRDA:50,40,0,3
BRDA:51,41,0,0
BRDA:52,42,0,0
BRDA:53,43,0,2
BRDA:56,44,0,2
BRDA:65,45,0,1
BRDA:66,46,0,0
BRDA:68,47,0,0
BRDA:69,48,0,0
BRDA:70,49,0,0
BRDA:74,50,0,0
BRDA:77,51,0,0
BRDA:78,52,0,0
BRDA:81,53,0,0
BRDA:97,54,0,0
BRDA:98,55,0,0
BRDA:99,56,0,0
BRDA:82,57,0,3
BRDA:86,58,0,1
BRDA:86,59,0,2
BRDA:105,60,0,9
BRDA:106,61,0,5
BRDA:106,62,0,4
BRDA:107,63,0,4
BRDA:107,64,0,5
BRDA:108,65,0,5
BRDA:108,66,0,0
BRDA:111,67,0,2
BRDA:112,68,0,0
BRDA:113,69,0,0
BRDA:114,70,0,5
BRDA:115,71,0,2
BRDA:115,72,0,3
BRDA:116,73,0,2
BRDA:116,74,0,1
BRDA:120,75,0,3
BRDA:121,76,0,0
BRDA:124,77,0,2
BRDA:124,78,0,1
BRDA:124,79,0,2
BRDA:125,80,0,1
BRDA:126,81,0,0
BRDA:130,82,0,2
BRDA:131,83,0,0
BRDA:132,84,0,0
BRF:85
BRH:51
end_of_record
